<?xml version="1.0" encoding="UTF-8"?>
<testng-results ignored="0" total="6" passed="6" failed="0" skipped="0">
  <reporter-output>
  </reporter-output>
  <suite started-at="2023-10-26T11:54:37 TRT" name="Suite" finished-at="2023-10-26T11:54:37 TRT" duration-ms="135">
    <groups>
    </groups>
    <test started-at="2023-10-26T11:54:37 TRT" name="Personal Loan" finished-at="2023-10-26T11:54:37 TRT" duration-ms="56">
      <class name="test.day2">
        <test-method signature="sayHello()[pri:0, instance:test.day2@43195e57]" started-at="2023-10-26T11:54:37 TRT" name="sayHello" finished-at="2023-10-26T11:54:37 TRT" duration-ms="1" status="PASS">
          <reporter-output>
          </reporter-output>
        </test-method> <!-- sayHello -->
        <test-method signature="sayyHello()[pri:0, instance:test.day2@43195e57]" started-at="2023-10-26T11:54:37 TRT" name="sayyHello" finished-at="2023-10-26T11:54:37 TRT" duration-ms="1" status="PASS">
          <reporter-output>
          </reporter-output>
        </test-method> <!-- sayyHello -->
      </class> <!-- test.day2 -->
      <class name="test.day1">
        <test-method signature="ploan()[pri:0, instance:test.day1@393671df]" started-at="2023-10-26T11:54:37 TRT" name="ploan" finished-at="2023-10-26T11:54:37 TRT" duration-ms="7" status="PASS">
          <reporter-output>
          </reporter-output>
        </test-method> <!-- ploan -->
      </class> <!-- test.day1 -->
    </test> <!-- Personal Loan -->
    <test started-at="2023-10-26T11:54:37 TRT" name="Car Loan" finished-at="2023-10-26T11:54:37 TRT" duration-ms="14">
      <class name="test.day3">
        <test-method signature="LoginApiCarLoan()[pri:0, instance:test.day3@1d2adfbe]" started-at="2023-10-26T11:54:37 TRT" name="LoginApiCarLoan" finished-at="2023-10-26T11:54:37 TRT" duration-ms="1" status="PASS">
          <reporter-output>
          </reporter-output>
        </test-method> <!-- LoginApiCarLoan -->
        <test-method signature="MobileLoginCarLoan()[pri:0, instance:test.day3@1d2adfbe]" started-at="2023-10-26T11:54:37 TRT" name="MobileLoginCarLoan" finished-at="2023-10-26T11:54:37 TRT" duration-ms="1" status="PASS">
          <reporter-output>
          </reporter-output>
        </test-method> <!-- MobileLoginCarLoan -->
        <test-method signature="WebLoginCarLoan()[pri:0, instance:test.day3@1d2adfbe]" started-at="2023-10-26T11:54:37 TRT" name="WebLoginCarLoan" finished-at="2023-10-26T11:54:37 TRT" duration-ms="2" status="PASS">
          <reporter-output>
          </reporter-output>
        </test-method> <!-- WebLoginCarLoan -->
      </class> <!-- test.day3 -->
    </test> <!-- Car Loan -->
  </suite> <!-- Suite -->
</testng-results>
